<?xml version="1.0" encoding="UTF-8"?>
<!-- Generated by org.testng.reporters.JUnitXMLReporter -->
<testsuite ignored="4" hostname="yeshs-MacBook-Air.local" failures="0" tests="18" name="Test" time="28.115" errors="0" timestamp="2025-11-16T23:43:58 IST">
  <testcase classname="zasyasolutions.SpaCover.TestCases.ConfirmOrderApiWithInventory" name="getAllInventoryBySKU" time="1.313"/>
  <testcase classname="zasyasolutions.SpaCover.TestCases.ConfirmOrderApiWithInventory" name="confirmOrderAllLineItmesArefromInventory" time="1.253"/>
  <testcase classname="zasyasolutions.SpaCover.TestCases.ConfirmOrderApiWithInventory" name="orderUpdateChangingOneLineItemUpdatingTheSku" time="1.275"/>
  <testcase classname="zasyasolutions.SpaCover.TestCases.ConfirmOrderApiWithInventory" name="addProNumberToOrderThatHavingLineItemsFromInvetory" time="1.355"/>
  <testcase classname="zasyasolutions.SpaCover.TestCases.ConfirmOrderApiWithInventory" name="scanOutTheorderThatHavingAllLineItemsFromInventory" time="1.086"/>
  <testcase classname="zasyasolutions.SpaCover.TestCases.ConfirmOrderApiWithInventory" name="scanOutTheorderThatHavingAllLineItemsFromInventory" time="1.33"/>
  <testcase classname="zasyasolutions.SpaCover.TestCases.ConfirmOrderApiWithInventory" name="scanOutTheorderThatHavingAllLineItemsFromInventory" time="1.02"/>
  <testcase classname="zasyasolutions.SpaCover.TestCases.ConfirmOrderWithInBound" name="confirmOrderFromInbound" time="1.233"/>
  <testcase classname="zasyasolutions.SpaCover.TestCases.ConfirmOrderWithInBound" name="scanInTheSku" time="1.392"/>
  <testcase classname="zasyasolutions.SpaCover.TestCases.ConfirmOrderWithInBound" name="addProNumberToInboundLineItem" time="1.067"/>
  <testcase classname="zasyasolutions.SpaCover.TestCases.ConfirmOrderWithInBound" name="scanOutTheOrderHavingLineItemFromInbound" time="1.184"/>
  <testcase classname="zasyasolutions.SpaCover.TestCases.ConfirmOrderWithInventoryCustomInbound" name="getAllInventoryBySKU" time="1.554"/>
  <testcase classname="zasyasolutions.SpaCover.TestCases.ConfirmOrderWithInventoryCustomInbound" name="confirmOrderThatHavingLineItemFromInventoryInboundCustom" time="1.12"/>
  <testcase classname="zasyasolutions.SpaCover.TestCases.ConfirmOrderWithInventoryCustomInbound" name="scanIn" time="1.405"/>
  <testcase classname="zasyasolutions.SpaCover.TestCases.ConfirmOrderWithInventoryCustomInbound" name="orderUpdateChangingTheSku" time="1.228"/>
  <testcase classname="zasyasolutions.SpaCover.TestCases.ConfirmOrderWithInventoryCustomInbound" name="addProNumberToTheOrderHavingLineItemsFromInventortInboundCustom" time="1.454"/>
  <testcase classname="zasyasolutions.SpaCover.TestCases.ConfirmOrderWithInventoryCustomInbound" name="scanOut" time="1.381"/>
  <testcase classname="zasyasolutions.SpaCover.TestCases.ConfirmOrderWithInventoryCustomInbound" name="scanOut" time="1.352"/>
  <testcase classname="zasyasolutions.SpaCover.BaseTest" name="@BeforeSuite beforeSuite" time="0.0">
    <ignored/>
  </testcase> <!-- @BeforeSuite beforeSuite -->
  <testcase classname="zasyasolutions.SpaCover.BaseTest" name="@AfterSuite afterSuite" time="0.0">
    <ignored/>
  </testcase> <!-- @AfterSuite afterSuite -->
  <testcase classname="zasyasolutions.SpaCover.BaseTest" name="@BeforeSuite beforeSuite" time="0.0">
    <ignored/>
  </testcase> <!-- @BeforeSuite beforeSuite -->
  <testcase classname="zasyasolutions.SpaCover.BaseTest" name="@AfterSuite afterSuite" time="0.0">
    <ignored/>
  </testcase> <!-- @AfterSuite afterSuite -->
</testsuite> <!-- Test -->
