<?xml version="1.0" encoding="UTF-8"?>
<testng-results ignored="0" total="1" passed="1" failed="0" skipped="0">
  <reporter-output>
  </reporter-output>
  <suite started-at="2026-03-18T16:49:31 IST" name="Default suite" finished-at="2026-03-18T16:50:07 IST" duration-ms="36010">
    <groups>
    </groups>
    <test started-at="2026-03-18T16:49:31 IST" name="Default test" finished-at="2026-03-18T16:50:07 IST" duration-ms="36010">
      <class name="zasyasolutions.SpaCover.TestCases.Cart">
        <test-method is-config="true" signature="setup()[pri:0, instance:zasyasolutions.SpaCover.TestCases.Cart@4a94ee4]" started-at="2026-03-18T16:49:31 IST" name="setup" finished-at="2026-03-18T16:49:48 IST" duration-ms="16619" status="PASS">
          <reporter-output>
          </reporter-output>
        </test-method> <!-- setup -->
        <test-method signature="addToCartTest()[pri:0, instance:zasyasolutions.SpaCover.TestCases.Cart@4a94ee4]" started-at="2026-03-18T16:49:48 IST" name="addToCartTest" finished-at="2026-03-18T16:50:07 IST" duration-ms="19258" status="PASS">
          <reporter-output>
          </reporter-output>
        </test-method> <!-- addToCartTest -->
        <test-method is-config="true" signature="tearDown()[pri:0, instance:zasyasolutions.SpaCover.TestCases.Cart@4a94ee4]" started-at="2026-03-18T16:50:07 IST" name="tearDown" finished-at="2026-03-18T16:50:07 IST" duration-ms="112" status="PASS">
          <reporter-output>
          </reporter-output>
        </test-method> <!-- tearDown -->
      </class> <!-- zasyasolutions.SpaCover.TestCases.Cart -->
    </test> <!-- Default test -->
  </suite> <!-- Default suite -->
</testng-results>
