<?xml version="1.0" encoding="UTF-8"?>
<testng-results ignored="0" total="1" passed="1" failed="0" skipped="0">
  <reporter-output>
  </reporter-output>
  <suite started-at="2026-03-17T19:04:16 IST" name="Default suite" finished-at="2026-03-17T19:04:16 IST" duration-ms="190">
    <groups>
    </groups>
    <test started-at="2026-03-17T19:04:16 IST" name="Default test" finished-at="2026-03-17T19:04:16 IST" duration-ms="190">
      <class name="zasyasolutions.SpaCover.TestCases.ManualApiTestCase">
        <test-method signature="addPlace()[pri:0, instance:zasyasolutions.SpaCover.TestCases.ManualApiTestCase@c267ef4]" started-at="2026-03-17T19:04:16 IST" name="addPlace" finished-at="2026-03-17T19:04:16 IST" duration-ms="170" status="PASS">
          <reporter-output>
          </reporter-output>
        </test-method> <!-- addPlace -->
      </class> <!-- zasyasolutions.SpaCover.TestCases.ManualApiTestCase -->
    </test> <!-- Default test -->
  </suite> <!-- Default suite -->
</testng-results>
