<?xml version="1.0" encoding="UTF-8"?>
<!-- Generated by org.testng.reporters.JUnitReportReporter -->
<testsuite hostname="yeshs-MacBook-Air.local" failures="0" tests="3" name="zasyasolutions.SpaCover.TestCases.ConfirmOrderWithInBound" time="3.391" errors="0" timestamp="2025-12-10T17:15:06 IST" skipped="0">
  <testcase classname="zasyasolutions.SpaCover.TestCases.ConfirmOrderWithInBound" name="confirmOrderFromInbound" time="1.198"/>
  <testcase classname="zasyasolutions.SpaCover.TestCases.ConfirmOrderWithInBound" name="scanInTheSku" time="1.182"/>
  <testcase classname="zasyasolutions.SpaCover.TestCases.ConfirmOrderWithInBound" name="addProNumberToInboundLineItem" time="1.011"/>
</testsuite> <!-- zasyasolutions.SpaCover.TestCases.ConfirmOrderWithInBound -->
