<?xml version="1.0" encoding="UTF-8"?>
<!-- Generated by org.testng.reporters.JUnitReportReporter -->
<testsuite hostname="yeshs-MacBook-Air.local" failures="0" tests="5" name="zasyasolutions.SpaCover.TestCases.ConfirmOrderWithInventoryCustomInbound" time="5.884" errors="0" timestamp="2025-12-10T17:00:18 IST" skipped="0">
  <testcase classname="zasyasolutions.SpaCover.TestCases.ConfirmOrderWithInventoryCustomInbound" name="getAllInventoryBySKU" time="1.063"/>
  <testcase classname="zasyasolutions.SpaCover.TestCases.ConfirmOrderWithInventoryCustomInbound" name="confirmOrderThatHavingLineItemFromInventoryInboundCustom" time="1.255"/>
  <testcase classname="zasyasolutions.SpaCover.TestCases.ConfirmOrderWithInventoryCustomInbound" name="scanIn" time="1.092"/>
  <testcase classname="zasyasolutions.SpaCover.TestCases.ConfirmOrderWithInventoryCustomInbound" name="orderUpdateChangingTheSku" time="1.358"/>
  <testcase classname="zasyasolutions.SpaCover.TestCases.ConfirmOrderWithInventoryCustomInbound" name="addProNumberToTheOrderHavingLineItemsFromInventortInboundCustom" time="1.116"/>
</testsuite> <!-- zasyasolutions.SpaCover.TestCases.ConfirmOrderWithInventoryCustomInbound -->
