<?xml version="1.0" encoding="UTF-8"?>
<!-- Generated by org.testng.reporters.JUnitReportReporter -->
<testsuite hostname="yeshs-MacBook-Air.local" failures="0" tests="7" name="zasyasolutions.SpaCover.TestCases.ConfirmOrderApiWithInventory" time="8.632" errors="0" timestamp="2025-11-16T23:43:58 IST" skipped="0">
  <testcase classname="zasyasolutions.SpaCover.TestCases.ConfirmOrderApiWithInventory" name="getAllInventoryBySKU" time="1.313"/>
  <testcase classname="zasyasolutions.SpaCover.TestCases.ConfirmOrderApiWithInventory" name="confirmOrderAllLineItmesArefromInventory" time="1.253"/>
  <testcase classname="zasyasolutions.SpaCover.TestCases.ConfirmOrderApiWithInventory" name="orderUpdateChangingOneLineItemUpdatingTheSku" time="1.275"/>
  <testcase classname="zasyasolutions.SpaCover.TestCases.ConfirmOrderApiWithInventory" name="addProNumberToOrderThatHavingLineItemsFromInvetory" time="1.355"/>
  <testcase classname="zasyasolutions.SpaCover.TestCases.ConfirmOrderApiWithInventory" name="scanOutTheorderThatHavingAllLineItemsFromInventory" time="1.330"/>
  <testcase classname="zasyasolutions.SpaCover.TestCases.ConfirmOrderApiWithInventory" name="scanOutTheorderThatHavingAllLineItemsFromInventory" time="1.086"/>
  <testcase classname="zasyasolutions.SpaCover.TestCases.ConfirmOrderApiWithInventory" name="scanOutTheorderThatHavingAllLineItemsFromInventory" time="1.020"/>
</testsuite> <!-- zasyasolutions.SpaCover.TestCases.ConfirmOrderApiWithInventory -->
